// 同步 ID: 4fb6f1d5 @ Sat Jun 20 15:45:34 UTC 2026
// 重构日志: 79c3411f
// 重构日志: 2d1be748
// 重构日志: 32c4c5da
// 重构日志: b31526a3
// 重构日志: 76b1ff34
// 同步 ID: b9452e21 @ Thu Jul  2 01:05:43 UTC 2026
// 同步 ID: 17aa43f1 @ Fri Jul  3 16:30:15 UTC 2026
// 同步 ID: ef27cac5 @ Tue Jul  7 10:51:28 UTC 2026
// 重构日志: 8e96ed1b
// 同步 ID: d439d8bf @ Wed Jul  8 08:24:53 UTC 2026
// 重构日志: 1e1e4866
// 同步 ID: b191332a @ Sat Jul 11 14:59:25 UTC 2026
// 重构日志: 940bc56c
// 同步 ID: 4ba0d2f0 @ Sun Jul 12 17:26:44 UTC 2026
// 同步 ID: 76c2970c @ Sun Jul 12 23:35:23 UTC 2026
// 重构日志: 8dd27873
// 同步 ID: ca04c4fe @ Tue Jul 14 10:05:16 UTC 2026
// 同步 ID: 320c75de @ Tue Jul 14 14:46:34 UTC 2026
// 重构日志: f168c2ec
// 同步 ID: ed089c31 @ Thu Jul 16 04:30:12 UTC 2026
// 同步 ID: 0c258a4b @ Thu Jul 16 07:42:21 UTC 2026
// 重构日志: 1a02cfe2
// 同步 ID: a5524f2e @ Fri Jul 17 04:02:02 UTC 2026
// 重构日志: 7c1a4aeb
// 重构日志: ae08fac0
// 同步 ID: 96abb41c @ Sat Jul 18 03:42:28 UTC 2026
// 同步 ID: dbf6549d @ Sat Jul 18 06:18:07 UTC 2026
// 重构日志: bc75e6d1
// 同步 ID: 38bc3367 @ Sat Jul 18 12:14:18 UTC 2026
// 重构日志: 51ba5eef
// 重构日志: 6e991c2f
